2022-05-25 12:05:178 INFO  HomePage :36 - Mouse hover on  buyPlusSell  [[FirefoxDriver: firefox on WINDOWS (eab6038f-4e77-4e6d-ac7f-7e4993d4a365)] -> xpath: //a[contains(text(),'buy + sell')]]
2022-05-25 12:05:534 INFO  HomePage :44 - Clicking on used Car [[FirefoxDriver: firefox on WINDOWS (eab6038f-4e77-4e6d-ac7f-7e4993d4a365)] -> xpath: //div[@class='uhf-child-content']//a[contains(text(),'Used')]]
2022-05-25 12:05:568 INFO  UsedCarPage :63 - getting Make text [[FirefoxDriver: firefox on WINDOWS (eab6038f-4e77-4e6d-ac7f-7e4993d4a365)] -> xpath: //h1[contains(text(),'Used Cars For Sale')]]
2022-05-25 12:05:975 INFO  NewAndUsedCarsPage :47 - Selecting Car MakeHonda from dropdown [[FirefoxDriver: firefox on WINDOWS (eab6038f-4e77-4e6d-ac7f-7e4993d4a365)] -> xpath: //select[@id='makes']]
2022-05-25 12:05:273 INFO  UsedCarPage :48 - Selecting Car Model City from dropdown [[FirefoxDriver: firefox on WINDOWS (eab6038f-4e77-4e6d-ac7f-7e4993d4a365)] -> xpath: //select[@id='models']]
2022-05-25 12:05:573 INFO  NewAndUsedCarsPage :55 - Selecting Car Location[[FirefoxDriver: firefox on WINDOWS (eab6038f-4e77-4e6d-ac7f-7e4993d4a365)] -> xpath: //select[@id='locations']] from dropdown NSW - All
2022-05-25 12:05:867 INFO  NewAndUsedCarsPage :59 - Selecting Car price$50,000 from dropdown [[FirefoxDriver: firefox on WINDOWS (eab6038f-4e77-4e6d-ac7f-7e4993d4a365)] -> xpath: //select[@id='priceTo']]
2022-05-25 12:05:160 INFO  NewAndUsedCarsPage :63 - Clicking on FindMyCar Button [[FirefoxDriver: firefox on WINDOWS (eab6038f-4e77-4e6d-ac7f-7e4993d4a365)] -> xpath: //input[@id='search-submit']]
2022-05-25 12:05:243 INFO  ResultPage :25 - getting Make text [[FirefoxDriver: firefox on WINDOWS (eab6038f-4e77-4e6d-ac7f-7e4993d4a365)] -> xpath: //h1[@class='listing-search-title']]
2022-05-25 12:05:605 INFO  HomePage :36 - Mouse hover on  buyPlusSell  [[FirefoxDriver: firefox on WINDOWS (a688373c-db17-47b7-a7dc-300c59e9cffb)] -> xpath: //a[contains(text(),'buy + sell')]]
2022-05-25 12:05:385 INFO  HomePage :36 - Mouse hover on  buyPlusSell  [[FirefoxDriver: firefox on WINDOWS (cdeb560b-448c-446e-b95d-4165b850a6c3)] -> xpath: //a[contains(text(),'buy + sell')]]
2022-05-25 12:05:877 INFO  HomePage :40 - Clicking on search Car  [[FirefoxDriver: firefox on WINDOWS (cdeb560b-448c-446e-b95d-4165b850a6c3)] -> xpath: //a[contains(text(),'Search Cars')]]
2022-05-25 12:05:14 INFO  NewAndUsedCarsPage :42 - getting NewAndUsed cars text  [[FirefoxDriver: firefox on WINDOWS (cdeb560b-448c-446e-b95d-4165b850a6c3)] -> xpath: //div[@class='heading main-heading item-ad-wrapper ']/h1]
2022-05-25 12:05:403 INFO  NewAndUsedCarsPage :47 - Selecting Car MakeHonda from dropdown [[FirefoxDriver: firefox on WINDOWS (cdeb560b-448c-446e-b95d-4165b850a6c3)] -> xpath: //select[@id='makes']]
2022-05-25 12:05:748 INFO  NewAndUsedCarsPage :51 - Selecting Car modelCity from dropdown [[FirefoxDriver: firefox on WINDOWS (cdeb560b-448c-446e-b95d-4165b850a6c3)] -> xpath: //select[@id='models']]
2022-05-25 12:05:16 INFO  NewAndUsedCarsPage :55 - Selecting Car Location[[FirefoxDriver: firefox on WINDOWS (cdeb560b-448c-446e-b95d-4165b850a6c3)] -> xpath: //select[@id='locations']] from dropdown NSW - All
2022-05-25 12:05:284 INFO  NewAndUsedCarsPage :59 - Selecting Car price$50,000 from dropdown [[FirefoxDriver: firefox on WINDOWS (cdeb560b-448c-446e-b95d-4165b850a6c3)] -> xpath: //select[@id='priceTo']]
2022-05-25 12:05:76 INFO  NewAndUsedCarsPage :63 - Clicking on FindMyCar Button [[FirefoxDriver: firefox on WINDOWS (cdeb560b-448c-446e-b95d-4165b850a6c3)] -> xpath: //input[@id='search-submit']]
2022-05-25 12:05:119 INFO  ResultPage :25 - getting Make text [[FirefoxDriver: firefox on WINDOWS (cdeb560b-448c-446e-b95d-4165b850a6c3)] -> xpath: //h1[@class='listing-search-title']]
2022-05-25 12:05:693 INFO  HomePage :36 - Mouse hover on  buyPlusSell  [[FirefoxDriver: firefox on WINDOWS (fc373296-e34e-4aea-86a8-c177fd9980ca)] -> xpath: //a[contains(text(),'buy + sell')]]
2022-05-25 12:05:712 INFO  HomePage :40 - Clicking on search Car  [[FirefoxDriver: firefox on WINDOWS (fc373296-e34e-4aea-86a8-c177fd9980ca)] -> xpath: //a[contains(text(),'Search Cars')]]
2022-05-25 12:05:739 INFO  NewAndUsedCarsPage :42 - getting NewAndUsed cars text  [[FirefoxDriver: firefox on WINDOWS (fc373296-e34e-4aea-86a8-c177fd9980ca)] -> xpath: //div[@class='heading main-heading item-ad-wrapper ']/h1]
2022-05-25 12:05:67 INFO  NewAndUsedCarsPage :47 - Selecting Car MakeJeep from dropdown [[FirefoxDriver: firefox on WINDOWS (fc373296-e34e-4aea-86a8-c177fd9980ca)] -> xpath: //select[@id='makes']]
2022-05-25 12:05:342 INFO  NewAndUsedCarsPage :51 - Selecting Car modelWrangler from dropdown [[FirefoxDriver: firefox on WINDOWS (fc373296-e34e-4aea-86a8-c177fd9980ca)] -> xpath: //select[@id='models']]
2022-05-25 12:05:655 INFO  NewAndUsedCarsPage :55 - Selecting Car Location[[FirefoxDriver: firefox on WINDOWS (fc373296-e34e-4aea-86a8-c177fd9980ca)] -> xpath: //select[@id='locations']] from dropdown NSW - All
2022-05-25 12:05:963 INFO  NewAndUsedCarsPage :59 - Selecting Car price$60,000 from dropdown [[FirefoxDriver: firefox on WINDOWS (fc373296-e34e-4aea-86a8-c177fd9980ca)] -> xpath: //select[@id='priceTo']]
2022-05-25 12:05:05 INFO  NewAndUsedCarsPage :63 - Clicking on FindMyCar Button [[FirefoxDriver: firefox on WINDOWS (fc373296-e34e-4aea-86a8-c177fd9980ca)] -> xpath: //input[@id='search-submit']]
2022-05-25 12:05:18 INFO  ResultPage :25 - getting Make text [[FirefoxDriver: firefox on WINDOWS (fc373296-e34e-4aea-86a8-c177fd9980ca)] -> xpath: //h1[@class='listing-search-title']]
2022-05-25 12:05:841 INFO  HomePage :36 - Mouse hover on  buyPlusSell  [[FirefoxDriver: firefox on WINDOWS (d8f96990-3460-4925-b183-b25ef68e05e5)] -> xpath: //a[contains(text(),'buy + sell')]]
2022-05-25 12:05:419 INFO  HomePage :40 - Clicking on search Car  [[FirefoxDriver: firefox on WINDOWS (d8f96990-3460-4925-b183-b25ef68e05e5)] -> xpath: //a[contains(text(),'Search Cars')]]
2022-05-25 12:05:503 INFO  NewAndUsedCarsPage :42 - getting NewAndUsed cars text  [[FirefoxDriver: firefox on WINDOWS (d8f96990-3460-4925-b183-b25ef68e05e5)] -> xpath: //div[@class='heading main-heading item-ad-wrapper ']/h1]
2022-05-25 12:05:925 INFO  NewAndUsedCarsPage :47 - Selecting Car MakeKia from dropdown [[FirefoxDriver: firefox on WINDOWS (d8f96990-3460-4925-b183-b25ef68e05e5)] -> xpath: //select[@id='makes']]
2022-05-25 12:05:202 INFO  NewAndUsedCarsPage :51 - Selecting Car modelNiro from dropdown [[FirefoxDriver: firefox on WINDOWS (d8f96990-3460-4925-b183-b25ef68e05e5)] -> xpath: //select[@id='models']]
2022-05-25 12:05:538 INFO  NewAndUsedCarsPage :55 - Selecting Car Location[[FirefoxDriver: firefox on WINDOWS (d8f96990-3460-4925-b183-b25ef68e05e5)] -> xpath: //select[@id='locations']] from dropdown QLD - All
2022-05-25 12:05:847 INFO  NewAndUsedCarsPage :59 - Selecting Car price$40,000 from dropdown [[FirefoxDriver: firefox on WINDOWS (d8f96990-3460-4925-b183-b25ef68e05e5)] -> xpath: //select[@id='priceTo']]
2022-05-25 12:05:903 INFO  NewAndUsedCarsPage :63 - Clicking on FindMyCar Button [[FirefoxDriver: firefox on WINDOWS (d8f96990-3460-4925-b183-b25ef68e05e5)] -> xpath: //input[@id='search-submit']]
2022-05-25 12:05:926 INFO  ResultPage :25 - getting Make text [[FirefoxDriver: firefox on WINDOWS (d8f96990-3460-4925-b183-b25ef68e05e5)] -> xpath: //h1[@class='listing-search-title']]
2022-05-25 12:05:860 INFO  HomePage :36 - Mouse hover on  buyPlusSell  [[FirefoxDriver: firefox on WINDOWS (2bfe66f3-2e52-4d92-8a17-92c371ad6b1f)] -> xpath: //a[contains(text(),'buy + sell')]]
2022-05-25 12:05:528 INFO  HomePage :40 - Clicking on search Car  [[FirefoxDriver: firefox on WINDOWS (2bfe66f3-2e52-4d92-8a17-92c371ad6b1f)] -> xpath: //a[contains(text(),'Search Cars')]]
2022-05-25 12:05:563 INFO  NewAndUsedCarsPage :42 - getting NewAndUsed cars text  [[FirefoxDriver: firefox on WINDOWS (2bfe66f3-2e52-4d92-8a17-92c371ad6b1f)] -> xpath: //div[@class='heading main-heading item-ad-wrapper ']/h1]
2022-05-25 12:05:904 INFO  NewAndUsedCarsPage :47 - Selecting Car MakeVolkswagen from dropdown [[FirefoxDriver: firefox on WINDOWS (2bfe66f3-2e52-4d92-8a17-92c371ad6b1f)] -> xpath: //select[@id='makes']]
2022-05-25 12:05:183 INFO  NewAndUsedCarsPage :51 - Selecting Car modelGolf from dropdown [[FirefoxDriver: firefox on WINDOWS (2bfe66f3-2e52-4d92-8a17-92c371ad6b1f)] -> xpath: //select[@id='models']]
2022-05-25 12:05:462 INFO  NewAndUsedCarsPage :55 - Selecting Car Location[[FirefoxDriver: firefox on WINDOWS (2bfe66f3-2e52-4d92-8a17-92c371ad6b1f)] -> xpath: //select[@id='locations']] from dropdown NSW - Sydney
2022-05-25 12:05:769 INFO  NewAndUsedCarsPage :59 - Selecting Car price$45,000 from dropdown [[FirefoxDriver: firefox on WINDOWS (2bfe66f3-2e52-4d92-8a17-92c371ad6b1f)] -> xpath: //select[@id='priceTo']]
2022-05-25 12:05:215 INFO  NewAndUsedCarsPage :63 - Clicking on FindMyCar Button [[FirefoxDriver: firefox on WINDOWS (2bfe66f3-2e52-4d92-8a17-92c371ad6b1f)] -> xpath: //input[@id='search-submit']]
2022-05-25 12:05:285 INFO  ResultPage :25 - getting Make text [[FirefoxDriver: firefox on WINDOWS (2bfe66f3-2e52-4d92-8a17-92c371ad6b1f)] -> xpath: //h1[@class='listing-search-title']]
2022-05-25 12:05:426 INFO  HomePage :36 - Mouse hover on  buyPlusSell  [[FirefoxDriver: firefox on WINDOWS (60d9e7ca-d7c8-4880-b987-831638d0671d)] -> xpath: //a[contains(text(),'buy + sell')]]
2022-05-25 12:05:354 INFO  HomePage :40 - Clicking on search Car  [[FirefoxDriver: firefox on WINDOWS (60d9e7ca-d7c8-4880-b987-831638d0671d)] -> xpath: //a[contains(text(),'Search Cars')]]
2022-05-25 12:05:374 INFO  NewAndUsedCarsPage :42 - getting NewAndUsed cars text  [[FirefoxDriver: firefox on WINDOWS (60d9e7ca-d7c8-4880-b987-831638d0671d)] -> xpath: //div[@class='heading main-heading item-ad-wrapper ']/h1]
2022-05-25 12:05:705 INFO  NewAndUsedCarsPage :47 - Selecting Car MakeSuzuki from dropdown [[FirefoxDriver: firefox on WINDOWS (60d9e7ca-d7c8-4880-b987-831638d0671d)] -> xpath: //select[@id='makes']]
2022-05-25 12:05:999 INFO  NewAndUsedCarsPage :51 - Selecting Car modelVitara from dropdown [[FirefoxDriver: firefox on WINDOWS (60d9e7ca-d7c8-4880-b987-831638d0671d)] -> xpath: //select[@id='models']]
2022-05-25 12:05:262 INFO  NewAndUsedCarsPage :55 - Selecting Car Location[[FirefoxDriver: firefox on WINDOWS (60d9e7ca-d7c8-4880-b987-831638d0671d)] -> xpath: //select[@id='locations']] from dropdown NT - South
2022-05-25 12:05:510 INFO  NewAndUsedCarsPage :59 - Selecting Car price$45,000 from dropdown [[FirefoxDriver: firefox on WINDOWS (60d9e7ca-d7c8-4880-b987-831638d0671d)] -> xpath: //select[@id='priceTo']]
2022-05-25 12:05:419 INFO  NewAndUsedCarsPage :63 - Clicking on FindMyCar Button [[FirefoxDriver: firefox on WINDOWS (60d9e7ca-d7c8-4880-b987-831638d0671d)] -> xpath: //input[@id='search-submit']]
2022-05-25 12:05:472 INFO  ResultPage :25 - getting Make text [[FirefoxDriver: firefox on WINDOWS (60d9e7ca-d7c8-4880-b987-831638d0671d)] -> xpath: //h1[@class='listing-search-title']]
2022-05-25 12:05:324 INFO  HomePage :36 - Mouse hover on  buyPlusSell  [[FirefoxDriver: firefox on WINDOWS (a8bb6d76-d503-4c2e-8a7a-3ed00230e623)] -> xpath: //a[contains(text(),'buy + sell')]]
2022-05-25 12:05:132 INFO  HomePage :44 - Clicking on used Car [[FirefoxDriver: firefox on WINDOWS (a8bb6d76-d503-4c2e-8a7a-3ed00230e623)] -> xpath: //div[@class='uhf-child-content']//a[contains(text(),'Used')]]
2022-05-25 12:05:169 INFO  UsedCarPage :63 - getting Make text [[FirefoxDriver: firefox on WINDOWS (a8bb6d76-d503-4c2e-8a7a-3ed00230e623)] -> xpath: //h1[contains(text(),'Used Cars For Sale')]]
2022-05-25 12:05:535 INFO  NewAndUsedCarsPage :47 - Selecting Car MakeHonda from dropdown [[FirefoxDriver: firefox on WINDOWS (a8bb6d76-d503-4c2e-8a7a-3ed00230e623)] -> xpath: //select[@id='makes']]
2022-05-25 12:05:845 INFO  UsedCarPage :48 - Selecting Car Model City from dropdown [[FirefoxDriver: firefox on WINDOWS (a8bb6d76-d503-4c2e-8a7a-3ed00230e623)] -> xpath: //select[@id='models']]
2022-05-25 12:05:119 INFO  NewAndUsedCarsPage :55 - Selecting Car Location[[FirefoxDriver: firefox on WINDOWS (a8bb6d76-d503-4c2e-8a7a-3ed00230e623)] -> xpath: //select[@id='locations']] from dropdown NSW - All
2022-05-25 12:05:375 INFO  NewAndUsedCarsPage :59 - Selecting Car price$50,000 from dropdown [[FirefoxDriver: firefox on WINDOWS (a8bb6d76-d503-4c2e-8a7a-3ed00230e623)] -> xpath: //select[@id='priceTo']]
2022-05-25 12:05:538 INFO  NewAndUsedCarsPage :63 - Clicking on FindMyCar Button [[FirefoxDriver: firefox on WINDOWS (a8bb6d76-d503-4c2e-8a7a-3ed00230e623)] -> xpath: //input[@id='search-submit']]
2022-05-25 12:05:581 INFO  ResultPage :25 - getting Make text [[FirefoxDriver: firefox on WINDOWS (a8bb6d76-d503-4c2e-8a7a-3ed00230e623)] -> xpath: //h1[@class='listing-search-title']]
2022-05-25 12:05:574 INFO  HomePage :36 - Mouse hover on  buyPlusSell  [[FirefoxDriver: firefox on WINDOWS (b4904334-35ff-4f0a-86f6-0fa2c728233d)] -> xpath: //a[contains(text(),'buy + sell')]]
2022-05-25 12:05:186 INFO  HomePage :44 - Clicking on used Car [[FirefoxDriver: firefox on WINDOWS (b4904334-35ff-4f0a-86f6-0fa2c728233d)] -> xpath: //div[@class='uhf-child-content']//a[contains(text(),'Used')]]
2022-05-25 12:05:247 INFO  UsedCarPage :63 - getting Make text [[FirefoxDriver: firefox on WINDOWS (b4904334-35ff-4f0a-86f6-0fa2c728233d)] -> xpath: //h1[contains(text(),'Used Cars For Sale')]]
2022-05-25 12:05:619 INFO  NewAndUsedCarsPage :47 - Selecting Car MakeJeep from dropdown [[FirefoxDriver: firefox on WINDOWS (b4904334-35ff-4f0a-86f6-0fa2c728233d)] -> xpath: //select[@id='makes']]
2022-05-25 12:05:922 INFO  UsedCarPage :48 - Selecting Car Model Wrangler from dropdown [[FirefoxDriver: firefox on WINDOWS (b4904334-35ff-4f0a-86f6-0fa2c728233d)] -> xpath: //select[@id='models']]
2022-05-25 12:05:223 INFO  NewAndUsedCarsPage :55 - Selecting Car Location[[FirefoxDriver: firefox on WINDOWS (b4904334-35ff-4f0a-86f6-0fa2c728233d)] -> xpath: //select[@id='locations']] from dropdown NSW - All
2022-05-25 12:05:497 INFO  NewAndUsedCarsPage :59 - Selecting Car price$60,000 from dropdown [[FirefoxDriver: firefox on WINDOWS (b4904334-35ff-4f0a-86f6-0fa2c728233d)] -> xpath: //select[@id='priceTo']]
2022-05-25 12:05:774 INFO  NewAndUsedCarsPage :63 - Clicking on FindMyCar Button [[FirefoxDriver: firefox on WINDOWS (b4904334-35ff-4f0a-86f6-0fa2c728233d)] -> xpath: //input[@id='search-submit']]
2022-05-25 12:05:903 INFO  ResultPage :25 - getting Make text [[FirefoxDriver: firefox on WINDOWS (b4904334-35ff-4f0a-86f6-0fa2c728233d)] -> xpath: //h1[@class='listing-search-title']]
2022-05-25 12:05:87 INFO  HomePage :36 - Mouse hover on  buyPlusSell  [[FirefoxDriver: firefox on WINDOWS (85c9e960-d859-4ea9-983d-bbba73422016)] -> xpath: //a[contains(text(),'buy + sell')]]
2022-05-25 12:05:848 INFO  HomePage :44 - Clicking on used Car [[FirefoxDriver: firefox on WINDOWS (85c9e960-d859-4ea9-983d-bbba73422016)] -> xpath: //div[@class='uhf-child-content']//a[contains(text(),'Used')]]
2022-05-25 12:05:960 INFO  UsedCarPage :63 - getting Make text [[FirefoxDriver: firefox on WINDOWS (85c9e960-d859-4ea9-983d-bbba73422016)] -> xpath: //h1[contains(text(),'Used Cars For Sale')]]
2022-05-25 12:05:447 INFO  NewAndUsedCarsPage :47 - Selecting Car MakeTesla from dropdown [[FirefoxDriver: firefox on WINDOWS (85c9e960-d859-4ea9-983d-bbba73422016)] -> xpath: //select[@id='makes']]
2022-05-25 12:05:932 INFO  UsedCarPage :48 - Selecting Car Model Model S from dropdown [[FirefoxDriver: firefox on WINDOWS (85c9e960-d859-4ea9-983d-bbba73422016)] -> xpath: //select[@id='models']]
2022-05-25 12:05:38 INFO  NewAndUsedCarsPage :55 - Selecting Car Location[[FirefoxDriver: firefox on WINDOWS (85c9e960-d859-4ea9-983d-bbba73422016)] -> xpath: //select[@id='locations']] from dropdown Any Location
2022-05-25 12:05:326 INFO  NewAndUsedCarsPage :59 - Selecting Car price$80,000 from dropdown [[FirefoxDriver: firefox on WINDOWS (85c9e960-d859-4ea9-983d-bbba73422016)] -> xpath: //select[@id='priceTo']]
2022-05-25 12:05:201 INFO  NewAndUsedCarsPage :63 - Clicking on FindMyCar Button [[FirefoxDriver: firefox on WINDOWS (85c9e960-d859-4ea9-983d-bbba73422016)] -> xpath: //input[@id='search-submit']]
2022-05-25 12:05:245 INFO  ResultPage :25 - getting Make text [[FirefoxDriver: firefox on WINDOWS (85c9e960-d859-4ea9-983d-bbba73422016)] -> xpath: //h1[@class='listing-search-title']]
2022-05-25 12:05:132 INFO  HomePage :36 - Mouse hover on  buyPlusSell  [[FirefoxDriver: firefox on WINDOWS (690c3f02-e57d-42c2-a55a-43d3df24d34d)] -> xpath: //a[contains(text(),'buy + sell')]]
2022-05-25 12:05:431 INFO  HomePage :44 - Clicking on used Car [[FirefoxDriver: firefox on WINDOWS (690c3f02-e57d-42c2-a55a-43d3df24d34d)] -> xpath: //div[@class='uhf-child-content']//a[contains(text(),'Used')]]
2022-05-25 12:05:465 INFO  UsedCarPage :63 - getting Make text [[FirefoxDriver: firefox on WINDOWS (690c3f02-e57d-42c2-a55a-43d3df24d34d)] -> xpath: //h1[contains(text(),'Used Cars For Sale')]]
2022-05-25 12:05:835 INFO  NewAndUsedCarsPage :47 - Selecting Car MakeMitsubishi from dropdown [[FirefoxDriver: firefox on WINDOWS (690c3f02-e57d-42c2-a55a-43d3df24d34d)] -> xpath: //select[@id='makes']]
2022-05-25 12:05:149 INFO  UsedCarPage :48 - Selecting Car Model Outlander from dropdown [[FirefoxDriver: firefox on WINDOWS (690c3f02-e57d-42c2-a55a-43d3df24d34d)] -> xpath: //select[@id='models']]
2022-05-25 12:05:441 INFO  NewAndUsedCarsPage :55 - Selecting Car Location[[FirefoxDriver: firefox on WINDOWS (690c3f02-e57d-42c2-a55a-43d3df24d34d)] -> xpath: //select[@id='locations']] from dropdown NT - All
2022-05-25 12:05:701 INFO  NewAndUsedCarsPage :59 - Selecting Car price$90,000 from dropdown [[FirefoxDriver: firefox on WINDOWS (690c3f02-e57d-42c2-a55a-43d3df24d34d)] -> xpath: //select[@id='priceTo']]
2022-05-25 12:05:713 INFO  NewAndUsedCarsPage :63 - Clicking on FindMyCar Button [[FirefoxDriver: firefox on WINDOWS (690c3f02-e57d-42c2-a55a-43d3df24d34d)] -> xpath: //input[@id='search-submit']]
2022-05-25 12:05:762 INFO  ResultPage :25 - getting Make text [[FirefoxDriver: firefox on WINDOWS (690c3f02-e57d-42c2-a55a-43d3df24d34d)] -> xpath: //h1[@class='listing-search-title']]
2022-05-25 12:05:303 INFO  HomePage :36 - Mouse hover on  buyPlusSell  [[FirefoxDriver: firefox on WINDOWS (e2c2a1cd-5182-4f1f-8569-ca1d28f47454)] -> xpath: //a[contains(text(),'buy + sell')]]
2022-05-25 12:05:183 INFO  HomePage :44 - Clicking on used Car [[FirefoxDriver: firefox on WINDOWS (e2c2a1cd-5182-4f1f-8569-ca1d28f47454)] -> xpath: //div[@class='uhf-child-content']//a[contains(text(),'Used')]]
2022-05-25 12:05:232 INFO  UsedCarPage :63 - getting Make text [[FirefoxDriver: firefox on WINDOWS (e2c2a1cd-5182-4f1f-8569-ca1d28f47454)] -> xpath: //h1[contains(text(),'Used Cars For Sale')]]
2022-05-25 12:05:636 INFO  NewAndUsedCarsPage :47 - Selecting Car MakeVolkswagen from dropdown [[FirefoxDriver: firefox on WINDOWS (e2c2a1cd-5182-4f1f-8569-ca1d28f47454)] -> xpath: //select[@id='makes']]
2022-05-25 12:05:893 INFO  UsedCarPage :48 - Selecting Car Model Golf from dropdown [[FirefoxDriver: firefox on WINDOWS (e2c2a1cd-5182-4f1f-8569-ca1d28f47454)] -> xpath: //select[@id='models']]
2022-05-25 12:05:193 INFO  NewAndUsedCarsPage :55 - Selecting Car Location[[FirefoxDriver: firefox on WINDOWS (e2c2a1cd-5182-4f1f-8569-ca1d28f47454)] -> xpath: //select[@id='locations']] from dropdown NSW - Sydney
2022-05-25 12:05:499 INFO  NewAndUsedCarsPage :59 - Selecting Car price$45,000 from dropdown [[FirefoxDriver: firefox on WINDOWS (e2c2a1cd-5182-4f1f-8569-ca1d28f47454)] -> xpath: //select[@id='priceTo']]
2022-05-25 12:05:336 INFO  NewAndUsedCarsPage :63 - Clicking on FindMyCar Button [[FirefoxDriver: firefox on WINDOWS (e2c2a1cd-5182-4f1f-8569-ca1d28f47454)] -> xpath: //input[@id='search-submit']]
2022-05-25 12:05:360 INFO  ResultPage :25 - getting Make text [[FirefoxDriver: firefox on WINDOWS (e2c2a1cd-5182-4f1f-8569-ca1d28f47454)] -> xpath: //h1[@class='listing-search-title']]
